<?xml version="1.0" encoding="UTF-8"?>
<!-- Generated by org.testng.reporters.JUnitXMLReporter -->
<testsuite ignored="17" hostname="IN-1T2N573" failures="1" tests="21" name="Surefire test" time="163.98" errors="0" timestamp="2022-12-12T13:01:22 IST">
  <testcase classname="Flipkart_TestCases.TC_01_RegistrationTest" name="User_Registration" time="4.367"/>
  <testcase classname="Flipkart_TestCases.TC_02_LoginTest" name="login" time="7.035"/>
  <testcase classname="Flipkart_TestCases.TC_02_LoginTest" name="login" time="2.649"/>
  <testcase classname="Flipkart_TestCases.TC_02_LoginTest" name="login" time="2.874"/>
  <testcase classname="Flipkart_TestCases.TC_02_LoginTest" name="login" time="19.578"/>
  <testcase classname="Flipkart_TestCases.TC_03_SearchTest" name="Search_Using_click" time="3.776"/>
  <testcase classname="Flipkart_TestCases.TC_03_SearchTest" name="Search_Using_click" time="5.572"/>
  <testcase classname="Flipkart_TestCases.TC_03_SearchTest" name="Search_Using_Icon" time="4.66"/>
  <testcase classname="Flipkart_TestCases.TC_03_SearchTest" name="Search_Using_Icon" time="3.978"/>
  <testcase classname="Flipkart_TestCases.TC_03_SearchTest" name="Search_From_DropDown" time="4.141"/>
  <testcase classname="Flipkart_TestCases.TC_03_SearchTest" name="Search_According_to_Brand" time="15.216">
    <failure type="org.openqa.selenium.NoSuchElementException" message="no such element: Unable to locate element: {&amp;quot;method&amp;quot;:&amp;quot;xpath&amp;quot;,&amp;quot;selector&amp;quot;:&amp;quot;//body/div[@id=&amp;apos;container&amp;apos;]/div[1]/div[3]/div[2]/div[2]/div[1]/div[1]/div[1]/div[1]/div[1]/div[1]/div[1]/div[1]/a[1]/div[1]/img[1]&amp;quot;}
  (Session info: chrome=108.0.5359.99)
For documentation on this error, please visit: https://www.seleniumhq.org/exceptions/no_such_element.html
Build info: version: &amp;apos;3.141.59&amp;apos;, revision: &amp;apos;e82be7d358&amp;apos;, time: &amp;apos;2018-11-14T08:17:03&amp;apos;
System info: host: &amp;apos;IN-1T2N573&amp;apos;, ip: &amp;apos;192.168.43.10&amp;apos;, os.name: &amp;apos;Windows 10&amp;apos;, os.arch: &amp;apos;amd64&amp;apos;, os.version: &amp;apos;10.0&amp;apos;, java.version: &amp;apos;11.0.5&amp;apos;
Driver info: org.openqa.selenium.chrome.ChromeDriver
Capabilities {acceptInsecureCerts: false, browserName: chrome, browserVersion: 108.0.5359.99, chrome: {chromedriverVersion: 108.0.5359.71 (1e0e3868ee06..., userDataDir: C:\Users\SAMAPT~1\AppData\L...}, goog:chromeOptions: {debuggerAddress: localhost:54935}, javascriptEnabled: true, networkConnectionEnabled: false, pageLoadStrategy: normal, platform: WINDOWS, platformName: WINDOWS, proxy: Proxy(), setWindowRect: true, strictFileInteractability: false, timeouts: {implicit: 0, pageLoad: 300000, script: 30000}, unhandledPromptBehavior: dismiss and notify, webauthn:extension:credBlob: true, webauthn:extension:largeBlob: true, webauthn:virtualAuthenticators: true}
Session ID: 28f6e6bdb61d588d2b299ae37e1c019b
*** Element info: {Using=xpath, value=//body/div[@id=&amp;apos;container&amp;apos;]/div[1]/div[3]/div[2]/div[2]/div[1]/div[1]/div[1]/div[1]/div[1]/div[1]/div[1]/div[1]/a[1]/div[1]/img[1]}">
      <![CDATA[org.openqa.selenium.NoSuchElementException: no such element: Unable to locate element: {"method":"xpath","selector":"//body/div[@id='container']/div[1]/div[3]/div[2]/div[2]/div[1]/div[1]/div[1]/div[1]/div[1]/div[1]/div[1]/div[1]/a[1]/div[1]/img[1]"}
  (Session info: chrome=108.0.5359.99)
For documentation on this error, please visit: https://www.seleniumhq.org/exceptions/no_such_element.html
Build info: version: '3.141.59', revision: 'e82be7d358', time: '2018-11-14T08:17:03'
System info: host: 'IN-1T2N573', ip: '192.168.43.10', os.name: 'Windows 10', os.arch: 'amd64', os.version: '10.0', java.version: '11.0.5'
Driver info: org.openqa.selenium.chrome.ChromeDriver
Capabilities {acceptInsecureCerts: false, browserName: chrome, browserVersion: 108.0.5359.99, chrome: {chromedriverVersion: 108.0.5359.71 (1e0e3868ee06..., userDataDir: C:\Users\SAMAPT~1\AppData\L...}, goog:chromeOptions: {debuggerAddress: localhost:54935}, javascriptEnabled: true, networkConnectionEnabled: false, pageLoadStrategy: normal, platform: WINDOWS, platformName: WINDOWS, proxy: Proxy(), setWindowRect: true, strictFileInteractability: false, timeouts: {implicit: 0, pageLoad: 300000, script: 30000}, unhandledPromptBehavior: dismiss and notify, webauthn:extension:credBlob: true, webauthn:extension:largeBlob: true, webauthn:virtualAuthenticators: true}
Session ID: 28f6e6bdb61d588d2b299ae37e1c019b
*** Element info: {Using=xpath, value=//body/div[@id='container']/div[1]/div[3]/div[2]/div[2]/div[1]/div[1]/div[1]/div[1]/div[1]/div[1]/div[1]/div[1]/a[1]/div[1]/img[1]}
at org.openqa.selenium.remote.http.W3CHttpResponseCodec.createException(W3CHttpResponseCodec.java:187)
at org.openqa.selenium.remote.http.W3CHttpResponseCodec.decode(W3CHttpResponseCodec.java:122)
at org.openqa.selenium.remote.http.W3CHttpResponseCodec.decode(W3CHttpResponseCodec.java:49)
at org.openqa.selenium.remote.HttpCommandExecutor.execute(HttpCommandExecutor.java:158)
at org.openqa.selenium.remote.service.DriverCommandExecutor.execute(DriverCommandExecutor.java:83)
at org.openqa.selenium.remote.RemoteWebDriver.execute(RemoteWebDriver.java:552)
at org.openqa.selenium.remote.RemoteWebDriver.findElement(RemoteWebDriver.java:323)
at org.openqa.selenium.remote.RemoteWebDriver.findElementByXPath(RemoteWebDriver.java:428)
at org.openqa.selenium.By$ByXPath.findElement(By.java:353)
at org.openqa.selenium.remote.RemoteWebDriver.findElement(RemoteWebDriver.java:315)
at Flipkart_TestCases.TC_03_SearchTest.Search_According_to_Brand(TC_03_SearchTest.java:69)
at java.base/java.util.ArrayList.forEach(ArrayList.java:1540)
... Removed 36 stack frames]]>
    </failure>
  </testcase> <!-- Search_According_to_Brand -->
  <testcase classname="Flipkart_TestCases.TC_04_Become_a_sellerTest" name="Verify_Seller_Person_NameTest" time="18.737"/>
  <testcase classname="Flipkart_TestCases.TC_05_Account_ActivityTest" name="Set_personal_information" time="23.371"/>
  <testcase classname="Flipkart_TestCases.TC_05_Account_ActivityTest" name="Manage_Address" time="7.097"/>
  <testcase classname="Flipkart_TestCases.TC_05_Account_ActivityTest" name="Explore_My_Coupons" time="3.846"/>
  <testcase classname="Flipkart_TestCases.TC_05_Account_ActivityTest" name="Explore_My_Notifications" time="3.124"/>
  <testcase classname="Flipkart_TestCases.TC_06_Add_to_CartTest" name="Add_To_Cart_From_WishList" time="13.644"/>
  <testcase classname="Flipkart_TestCases.TC_06_Add_to_CartTest" name="Get_Total_Wishlist_items" time="8.739"/>
  <testcase classname="Flipkart_TestCases.TC_07_LogoTest" name="verify_logo_text" time="2.302"/>
  <testcase classname="Flipkart_TestCases.TC_07_LogoTest" name="verify_flipkart_plus" time="1.664"/>
  <testcase classname="Flipkart_TestCases.TC_08_LogOutTest" name="Log_Out" time="5.435"/>
  <testcase classname="Flipkart_TestCases.BaseClassTest" name="@AfterSuite tearDown" time="0.0">
    <ignored/>
  </testcase> <!-- @AfterSuite tearDown -->
  <testcase classname="Flipkart_TestCases.BaseClassTest" name="@BeforeSuite TestBrowser" time="0.0">
    <ignored/>
  </testcase> <!-- @BeforeSuite TestBrowser -->
  <testcase classname="Flipkart_TestCases.BaseClassTest" name="@AfterSuite tearDown" time="0.0">
    <ignored/>
  </testcase> <!-- @AfterSuite tearDown -->
  <testcase classname="Flipkart_TestCases.BaseClassTest" name="@BeforeSuite TestBrowser" time="0.0">
    <ignored/>
  </testcase> <!-- @BeforeSuite TestBrowser -->
  <testcase classname="Flipkart_TestCases.BaseClassTest" name="@BeforeSuite TestBrowser" time="0.0">
    <ignored/>
  </testcase> <!-- @BeforeSuite TestBrowser -->
  <testcase classname="Flipkart_TestCases.BaseClassTest" name="@BeforeSuite TestBrowser" time="0.0">
    <ignored/>
  </testcase> <!-- @BeforeSuite TestBrowser -->
  <testcase classname="Flipkart_TestCases.BaseClassTest" name="@AfterSuite tearDown" time="0.0">
    <ignored/>
  </testcase> <!-- @AfterSuite tearDown -->
  <testcase classname="Flipkart_TestCases.BaseClassTest" name="@AfterSuite tearDown" time="0.0">
    <ignored/>
  </testcase> <!-- @AfterSuite tearDown -->
  <testcase classname="Flipkart_TestCases.BaseClassTest" name="@AfterSuite tearDown" time="0.0">
    <ignored/>
  </testcase> <!-- @AfterSuite tearDown -->
  <testcase classname="Flipkart_TestCases.BaseClassTest" name="@BeforeSuite TestBrowser" time="0.0">
    <ignored/>
  </testcase> <!-- @BeforeSuite TestBrowser -->
  <testcase classname="Flipkart_TestCases.TC_05_Account_ActivityTest" name="Explore_Gift_Cards" time="0.0">
    <ignored/>
  </testcase> <!-- Explore_Gift_Cards -->
  <testcase classname="Flipkart_TestCases.BaseClassTest" name="@BeforeSuite TestBrowser" time="0.0">
    <ignored/>
  </testcase> <!-- @BeforeSuite TestBrowser -->
  <testcase classname="Flipkart_TestCases.BaseClassTest" name="@AfterSuite tearDown" time="0.0">
    <ignored/>
  </testcase> <!-- @AfterSuite tearDown -->
  <testcase classname="Flipkart_TestCases.BaseClassTest" name="@AfterSuite tearDown" time="0.0">
    <ignored/>
  </testcase> <!-- @AfterSuite tearDown -->
  <testcase classname="Flipkart_TestCases.BaseClassTest" name="@AfterSuite tearDown" time="0.0">
    <ignored/>
  </testcase> <!-- @AfterSuite tearDown -->
  <testcase classname="Flipkart_TestCases.BaseClassTest" name="@BeforeSuite TestBrowser" time="0.0">
    <ignored/>
  </testcase> <!-- @BeforeSuite TestBrowser -->
  <testcase classname="Flipkart_TestCases.BaseClassTest" name="@BeforeSuite TestBrowser" time="0.0">
    <ignored/>
  </testcase> <!-- @BeforeSuite TestBrowser -->
</testsuite> <!-- Surefire test -->
