<!DOCTYPE html>

<html>
  <head>
  <meta charset='utf-8'>
  <title>TestNG reports</title>

    <link type="text/css" href="testng-reports1.css" rel="stylesheet" id="ultra" />
    <link type="text/css" href="testng-reports.css" rel="stylesheet" id="retro" disabled="false"/>
    <script type="text/javascript" src="jquery-3.6.0.min.js"></script>
    <script type="text/javascript" src="testng-reports.js"></script>
    <script type="text/javascript" src="https://www.google.com/jsapi"></script>
    <script type='text/javascript'>
      google.load('visualization', '1', {packages:['table']});
      google.setOnLoadCallback(drawTable);
      var suiteTableInitFunctions = new Array();
      var suiteTableData = new Array();
    </script>
    <!--
      <script type="text/javascript" src="jquery-ui/js/jquery-ui-1.8.16.custom.min.js"></script>
     -->
  </head>

  <body>    <div class="top-banner-root">
      <span class="top-banner-title-font">Test results</span>
      <button id="button" class="button">Switch Retro Theme</button> <!-- button -->
      <br/>
      <span class="top-banner-font-1">1 suite, 4 failed tests</span>
    </div> <!-- top-banner-root -->
    <div class="navigator-root">
      <div class="navigator-suite-header">
        <span>All suites</span>
        <a href="#" title="Collapse/expand all the suites" class="collapse-all-link">
          <img src="collapseall.gif" class="collapse-all-icon">
          </img> <!-- collapse-all-icon -->
        </a> <!-- collapse-all-link -->
      </div> <!-- navigator-suite-header -->
      <div class="suite">
        <div class="rounded-window">
          <div class="suite-header light-rounded-window-top">
            <a href="#" panel-name="suite-Surefire_suite" class="navigator-link">
              <span class="suite-name border-failed">Surefire suite</span>
            </a> <!-- navigator-link -->
          </div> <!-- suite-header light-rounded-window-top -->
          <div class="navigator-suite-content">
            <div class="suite-section-title">
              <span>Info</span>
            </div> <!-- suite-section-title -->
            <div class="suite-section-content">
              <ul>
                <li>
                  <a href="#" panel-name="test-xml-Surefire_suite" class="navigator-link ">
                    <span>[unset file name]</span>
                  </a> <!-- navigator-link  -->
                </li>
                <li>
                  <a href="#" panel-name="testlist-Surefire_suite" class="navigator-link ">
                    <span class="test-stats">1 test</span>
                  </a> <!-- navigator-link  -->
                </li>
                <li>
                  <a href="#" panel-name="group-Surefire_suite" class="navigator-link ">
                    <span>6 groups</span>
                  </a> <!-- navigator-link  -->
                </li>
                <li>
                  <a href="#" panel-name="times-Surefire_suite" class="navigator-link ">
                    <span>Times</span>
                  </a> <!-- navigator-link  -->
                </li>
                <li>
                  <a href="#" panel-name="reporter-Surefire_suite" class="navigator-link ">
                    <span>Reporter output</span>
                  </a> <!-- navigator-link  -->
                </li>
                <li>
                  <a href="#" panel-name="ignored-methods-Surefire_suite" class="navigator-link ">
                    <span>Ignored methods</span>
                  </a> <!-- navigator-link  -->
                </li>
                <li>
                  <a href="#" panel-name="chronological-Surefire_suite" class="navigator-link ">
                    <span>Chronological view</span>
                  </a> <!-- navigator-link  -->
                </li>
              </ul>
            </div> <!-- suite-section-content -->
            <div class="result-section">
              <div class="suite-section-title">
                <span>Results</span>
              </div> <!-- suite-section-title -->
              <div class="suite-section-content">
                <ul>
                  <li>
                    <span class="method-stats">22 methods, 4 failed,  6 skipped,  12 passed</span>
                  </li>
                  <li>
                    <span class="method-list-title failed">Failed methods</span>
                    <span class="show-or-hide-methods failed">
                      <a href="#" panel-name="suite-Surefire_suite" class="hide-methods failed suite-Surefire_suite"> (hide)</a> <!-- hide-methods failed suite-Surefire_suite -->
                      <a href="#" panel-name="suite-Surefire_suite" class="show-methods failed suite-Surefire_suite"> (show)</a> <!-- show-methods failed suite-Surefire_suite -->
                    </span>
                    <div class="method-list-content failed suite-Surefire_suite">
                      <span>
                        <img src="failed.png" width="3%"/>
                        <a href="#" panel-name="suite-Surefire_suite" title="Flipkart_TestCases.TC_06_Add_to_CartTest" class="method navigator-link" hash-for-method="Add_To_Cart_From_WishList">Add_To_Cart_From_WishList</a> <!-- method navigator-link -->
                      </span>
                      <br/>
                      <span>
                        <img src="failed.png" width="3%"/>
                        <a href="#" panel-name="suite-Surefire_suite" title="Flipkart_TestCases.TC_08_LogOutTest" class="method navigator-link" hash-for-method="Log_Out">Log_Out</a> <!-- method navigator-link -->
                      </span>
                      <br/>
                      <span>
                        <img src="failed.png" width="3%"/>
                        <a href="#" panel-name="suite-Surefire_suite" title="Flipkart_TestCases.TC_05_Account_ActivityTest" class="method navigator-link" hash-for-method="Set_personal_information(Samapti, Rudra, yes)">Set_personal_information(Samapti, Rudra, yes)</a> <!-- method navigator-link -->
                      </span>
                      <br/>
                      <span>
                        <img src="failed.png" width="3%"/>
                        <a href="#" panel-name="suite-Surefire_suite" title="Flipkart_TestCases.TC_07_LogoTest" class="method navigator-link" hash-for-method="verify_logo_text">verify_logo_text</a> <!-- method navigator-link -->
                      </span>
                      <br/>
                    </div> <!-- method-list-content failed suite-Surefire_suite -->
                  </li>
                  <li>
                    <span class="method-list-title skipped">Skipped methods</span>
                    <span class="show-or-hide-methods skipped">
                      <a href="#" panel-name="suite-Surefire_suite" class="hide-methods skipped suite-Surefire_suite"> (hide)</a> <!-- hide-methods skipped suite-Surefire_suite -->
                      <a href="#" panel-name="suite-Surefire_suite" class="show-methods skipped suite-Surefire_suite"> (show)</a> <!-- show-methods skipped suite-Surefire_suite -->
                    </span>
                    <div class="method-list-content skipped suite-Surefire_suite">
                      <span>
                        <img src="skipped.png" width="3%"/>
                        <a href="#" panel-name="suite-Surefire_suite" title="Flipkart_TestCases.TC_05_Account_ActivityTest" class="method navigator-link" hash-for-method="Explore_Gift_Cards">Explore_Gift_Cards</a> <!-- method navigator-link -->
                      </span>
                      <br/>
                      <span>
                        <img src="skipped.png" width="3%"/>
                        <a href="#" panel-name="suite-Surefire_suite" title="Flipkart_TestCases.TC_05_Account_ActivityTest" class="method navigator-link" hash-for-method="Explore_My_Coupons">Explore_My_Coupons</a> <!-- method navigator-link -->
                      </span>
                      <br/>
                      <span>
                        <img src="skipped.png" width="3%"/>
                        <a href="#" panel-name="suite-Surefire_suite" title="Flipkart_TestCases.TC_05_Account_ActivityTest" class="method navigator-link" hash-for-method="Explore_My_Notifications">Explore_My_Notifications</a> <!-- method navigator-link -->
                      </span>
                      <br/>
                      <span>
                        <img src="skipped.png" width="3%"/>
                        <a href="#" panel-name="suite-Surefire_suite" title="Flipkart_TestCases.TC_06_Add_to_CartTest" class="method navigator-link" hash-for-method="Get_Total_Wishlist_items">Get_Total_Wishlist_items</a> <!-- method navigator-link -->
                      </span>
                      <br/>
                      <span>
                        <img src="skipped.png" width="3%"/>
                        <a href="#" panel-name="suite-Surefire_suite" title="Flipkart_TestCases.TC_05_Account_ActivityTest" class="method navigator-link" hash-for-method="Manage_Address(Samapti, 93822204358, 713343, Kulti, Kulti Sripur Road, yes)">Manage_Address(Samapti, 93822204358, 713343, Kulti, Kulti Sripur Road, yes)</a> <!-- method navigator-link -->
                      </span>
                      <br/>
                      <span>
                        <img src="skipped.png" width="3%"/>
                        <a href="#" panel-name="suite-Surefire_suite" title="Flipkart_TestCases.TC_07_LogoTest" class="method navigator-link" hash-for-method="verify_flipkart_plus">verify_flipkart_plus</a> <!-- method navigator-link -->
                      </span>
                      <br/>
                    </div> <!-- method-list-content skipped suite-Surefire_suite -->
                  </li>
                  <li>
                    <span class="method-list-title passed">Passed methods</span>
                    <span class="show-or-hide-methods passed">
                      <a href="#" panel-name="suite-Surefire_suite" class="hide-methods passed suite-Surefire_suite"> (hide)</a> <!-- hide-methods passed suite-Surefire_suite -->
                      <a href="#" panel-name="suite-Surefire_suite" class="show-methods passed suite-Surefire_suite"> (show)</a> <!-- show-methods passed suite-Surefire_suite -->
                    </span>
                    <div class="method-list-content passed suite-Surefire_suite">
                      <span>
                        <img src="passed.png" width="3%"/>
                        <a href="#" panel-name="suite-Surefire_suite" title="Flipkart_TestCases.TC_03_SearchTest" class="method navigator-link" hash-for-method="Search_According_to_Brand">Search_According_to_Brand</a> <!-- method navigator-link -->
                      </span>
                      <br/>
                      <span>
                        <img src="passed.png" width="3%"/>
                        <a href="#" panel-name="suite-Surefire_suite" title="Flipkart_TestCases.TC_03_SearchTest" class="method navigator-link" hash-for-method="Search_From_DropDown">Search_From_DropDown</a> <!-- method navigator-link -->
                      </span>
                      <br/>
                      <span>
                        <img src="passed.png" width="3%"/>
                        <a href="#" panel-name="suite-Surefire_suite" title="Flipkart_TestCases.TC_03_SearchTest" class="method navigator-link" hash-for-method="Search_Using_Icon(Moisturizer, yes)">Search_Using_Icon(Moisturizer, yes)</a> <!-- method navigator-link -->
                      </span>
                      <br/>
                      <span>
                        <img src="passed.png" width="3%"/>
                        <a href="#" panel-name="suite-Surefire_suite" title="Flipkart_TestCases.TC_03_SearchTest" class="method navigator-link" hash-for-method="Search_Using_Icon(Woman Tops, Yes)">Search_Using_Icon(Woman Tops, Yes)</a> <!-- method navigator-link -->
                      </span>
                      <br/>
                      <span>
                        <img src="passed.png" width="3%"/>
                        <a href="#" panel-name="suite-Surefire_suite" title="Flipkart_TestCases.TC_03_SearchTest" class="method navigator-link" hash-for-method="Search_Using_click(Mobile, yes)">Search_Using_click(Mobile, yes)</a> <!-- method navigator-link -->
                      </span>
                      <br/>
                      <span>
                        <img src="passed.png" width="3%"/>
                        <a href="#" panel-name="suite-Surefire_suite" title="Flipkart_TestCases.TC_03_SearchTest" class="method navigator-link" hash-for-method="Search_Using_click(Laptops, Yes)">Search_Using_click(Laptops, Yes)</a> <!-- method navigator-link -->
                      </span>
                      <br/>
                      <span>
                        <img src="passed.png" width="3%"/>
                        <a href="#" panel-name="suite-Surefire_suite" title="Flipkart_TestCases.TC_01_RegistrationTest" class="method navigator-link" hash-for-method="User_Registration(9832845457, 987067, Rudra2023, yes)">User_Registration(9832845457, 987067, Rudra2023, yes)</a> <!-- method navigator-link -->
                      </span>
                      <br/>
                      <span>
                        <img src="passed.png" width="3%"/>
                        <a href="#" panel-name="suite-Surefire_suite" title="Flipkart_TestCases.TC_04_Become_a_sellerTest" class="method navigator-link" hash-for-method="Verify_Seller_Person_NameTest">Verify_Seller_Person_NameTest</a> <!-- method navigator-link -->
                      </span>
                      <br/>
                      <span>
                        <img src="passed.png" width="3%"/>
                        <a href="#" panel-name="suite-Surefire_suite" title="Flipkart_TestCases.TC_02_LoginTest" class="method navigator-link" hash-for-method="login(9382204358, Rudra2023, yes)">login(9382204358, Rudra2023, yes)</a> <!-- method navigator-link -->
                      </span>
                      <br/>
                      <span>
                        <img src="passed.png" width="3%"/>
                        <a href="#" panel-name="suite-Surefire_suite" title="Flipkart_TestCases.TC_02_LoginTest" class="method navigator-link" hash-for-method="login( , Rudra2023, yes)">login( , Rudra2023, yes)</a> <!-- method navigator-link -->
                      </span>
                      <br/>
                      <span>
                        <img src="passed.png" width="3%"/>
                        <a href="#" panel-name="suite-Surefire_suite" title="Flipkart_TestCases.TC_02_LoginTest" class="method navigator-link" hash-for-method="login(9382204358,  , yes)">login(9382204358,  , yes)</a> <!-- method navigator-link -->
                      </span>
                      <br/>
                      <span>
                        <img src="passed.png" width="3%"/>
                        <a href="#" panel-name="suite-Surefire_suite" title="Flipkart_TestCases.TC_02_LoginTest" class="method navigator-link" hash-for-method="login( ,  , yes)">login( ,  , yes)</a> <!-- method navigator-link -->
                      </span>
                      <br/>
                    </div> <!-- method-list-content passed suite-Surefire_suite -->
                  </li>
                </ul>
              </div> <!-- suite-section-content -->
            </div> <!-- result-section -->
          </div> <!-- navigator-suite-content -->
        </div> <!-- rounded-window -->
      </div> <!-- suite -->
    </div> <!-- navigator-root -->
    <div class="wrapper">
      <div class="main-panel-root">
        <div panel-name="suite-Surefire_suite" class="panel Surefire_suite">
          <div class="suite-Surefire_suite-class-failed">
            <div class="main-panel-header rounded-window-top">
              <img src="failed.png"/>
              <span class="class-name">Flipkart_TestCases.TC_08_LogOutTest</span>
            </div> <!-- main-panel-header rounded-window-top -->
            <div class="main-panel-content rounded-window-bottom">
              <div class="method">
                <div class="method-content">
                  <a name="Log_Out">
                  </a> <!-- Log_Out -->
                  <span class="method-name">Log_Out</span>
                  <div class="stack-trace">org.openqa.selenium.NoSuchWindowException: no such window: target window already closed
from unknown error: web view not found
  (Session info: chrome=108.0.5359.96)
Build info: version: &apos;3.141.59&apos;, revision: &apos;e82be7d358&apos;, time: &apos;2018-11-14T08:17:03&apos;
System info: host: &apos;IN-1T2N573&apos;, ip: &apos;192.168.0.104&apos;, os.name: &apos;Windows 10&apos;, os.arch: &apos;amd64&apos;, os.version: &apos;10.0&apos;, java.version: &apos;11.0.1&apos;
Driver info: org.openqa.selenium.chrome.ChromeDriver
Capabilities {acceptInsecureCerts: false, browserName: chrome, browserVersion: 108.0.5359.96, chrome: {chromedriverVersion: 108.0.5359.71 (1e0e3868ee06..., userDataDir: C:\Users\SAMAPT~1\AppData\L...}, goog:chromeOptions: {debuggerAddress: localhost:57562}, javascriptEnabled: true, networkConnectionEnabled: false, pageLoadStrategy: normal, platform: WINDOWS, platformName: WINDOWS, proxy: Proxy(), setWindowRect: true, strictFileInteractability: false, timeouts: {implicit: 0, pageLoad: 300000, script: 30000}, unhandledPromptBehavior: dismiss and notify, webauthn:extension:credBlob: true, webauthn:extension:largeBlob: true, webauthn:virtualAuthenticators: true}
Session ID: a7a75854dffc0742f674b6fd814c893a
	at org.openqa.selenium.remote.http.W3CHttpResponseCodec.createException(W3CHttpResponseCodec.java:187)
	at org.openqa.selenium.remote.http.W3CHttpResponseCodec.decode(W3CHttpResponseCodec.java:122)
	at org.openqa.selenium.remote.http.W3CHttpResponseCodec.decode(W3CHttpResponseCodec.java:49)
	at org.openqa.selenium.remote.HttpCommandExecutor.execute(HttpCommandExecutor.java:158)
	at org.openqa.selenium.remote.service.DriverCommandExecutor.execute(DriverCommandExecutor.java:83)
	at org.openqa.selenium.remote.RemoteWebDriver.execute(RemoteWebDriver.java:552)
	at org.openqa.selenium.remote.RemoteWebDriver.get(RemoteWebDriver.java:277)
	at Flipkart_TestCases.BaseClass.OpenUrl(BaseClass.java:121)
	at Flipkart_TestCases.TC_08_LogOutTest.Log_Out(TC_08_LogOutTest.java:22)
	at java.base/java.util.ArrayList.forEach(ArrayList.java:1540)
... Removed 36 stack frames
</div> <!-- stack-trace -->
                </div> <!-- method-content -->
              </div> <!-- method -->
            </div> <!-- main-panel-content rounded-window-bottom -->
          </div> <!-- suite-Surefire_suite-class-failed -->
          <div class="suite-Surefire_suite-class-failed">
            <div class="main-panel-header rounded-window-top">
              <img src="failed.png"/>
              <span class="class-name">Flipkart_TestCases.TC_07_LogoTest</span>
            </div> <!-- main-panel-header rounded-window-top -->
            <div class="main-panel-content rounded-window-bottom">
              <div class="method">
                <div class="method-content">
                  <a name="verify_logo_text">
                  </a> <!-- verify_logo_text -->
                  <span class="method-name">verify_logo_text</span>
                  <div class="stack-trace">org.openqa.selenium.NoSuchWindowException: no such window: target window already closed
from unknown error: web view not found
  (Session info: chrome=108.0.5359.96)
Build info: version: &apos;3.141.59&apos;, revision: &apos;e82be7d358&apos;, time: &apos;2018-11-14T08:17:03&apos;
System info: host: &apos;IN-1T2N573&apos;, ip: &apos;192.168.0.104&apos;, os.name: &apos;Windows 10&apos;, os.arch: &apos;amd64&apos;, os.version: &apos;10.0&apos;, java.version: &apos;11.0.1&apos;
Driver info: org.openqa.selenium.chrome.ChromeDriver
Capabilities {acceptInsecureCerts: false, browserName: chrome, browserVersion: 108.0.5359.96, chrome: {chromedriverVersion: 108.0.5359.71 (1e0e3868ee06..., userDataDir: C:\Users\SAMAPT~1\AppData\L...}, goog:chromeOptions: {debuggerAddress: localhost:57562}, javascriptEnabled: true, networkConnectionEnabled: false, pageLoadStrategy: normal, platform: WINDOWS, platformName: WINDOWS, proxy: Proxy(), setWindowRect: true, strictFileInteractability: false, timeouts: {implicit: 0, pageLoad: 300000, script: 30000}, unhandledPromptBehavior: dismiss and notify, webauthn:extension:credBlob: true, webauthn:extension:largeBlob: true, webauthn:virtualAuthenticators: true}
Session ID: a7a75854dffc0742f674b6fd814c893a
	at org.openqa.selenium.remote.http.W3CHttpResponseCodec.createException(W3CHttpResponseCodec.java:187)
	at org.openqa.selenium.remote.http.W3CHttpResponseCodec.decode(W3CHttpResponseCodec.java:122)
	at org.openqa.selenium.remote.http.W3CHttpResponseCodec.decode(W3CHttpResponseCodec.java:49)
	at org.openqa.selenium.remote.HttpCommandExecutor.execute(HttpCommandExecutor.java:158)
	at org.openqa.selenium.remote.service.DriverCommandExecutor.execute(DriverCommandExecutor.java:83)
	at org.openqa.selenium.remote.RemoteWebDriver.execute(RemoteWebDriver.java:552)
	at org.openqa.selenium.remote.RemoteWebDriver.get(RemoteWebDriver.java:277)
	at Flipkart_TestCases.BaseClass.OpenUrl(BaseClass.java:121)
	at Flipkart_TestCases.TC_07_LogoTest.verify_logo_text(TC_07_LogoTest.java:16)
	at java.base/java.util.ArrayList.forEach(ArrayList.java:1540)
... Removed 36 stack frames
</div> <!-- stack-trace -->
                </div> <!-- method-content -->
              </div> <!-- method -->
            </div> <!-- main-panel-content rounded-window-bottom -->
          </div> <!-- suite-Surefire_suite-class-failed -->
          <div class="suite-Surefire_suite-class-failed">
            <div class="main-panel-header rounded-window-top">
              <img src="failed.png"/>
              <span class="class-name">Flipkart_TestCases.TC_06_Add_to_CartTest</span>
            </div> <!-- main-panel-header rounded-window-top -->
            <div class="main-panel-content rounded-window-bottom">
              <div class="method">
                <div class="method-content">
                  <a name="Add_To_Cart_From_WishList">
                  </a> <!-- Add_To_Cart_From_WishList -->
                  <span class="method-name">Add_To_Cart_From_WishList</span>
                  <div class="stack-trace">org.openqa.selenium.NoSuchWindowException: no such window: target window already closed
from unknown error: web view not found
  (Session info: chrome=108.0.5359.96)
Build info: version: &apos;3.141.59&apos;, revision: &apos;e82be7d358&apos;, time: &apos;2018-11-14T08:17:03&apos;
System info: host: &apos;IN-1T2N573&apos;, ip: &apos;192.168.0.104&apos;, os.name: &apos;Windows 10&apos;, os.arch: &apos;amd64&apos;, os.version: &apos;10.0&apos;, java.version: &apos;11.0.1&apos;
Driver info: org.openqa.selenium.chrome.ChromeDriver
Capabilities {acceptInsecureCerts: false, browserName: chrome, browserVersion: 108.0.5359.96, chrome: {chromedriverVersion: 108.0.5359.71 (1e0e3868ee06..., userDataDir: C:\Users\SAMAPT~1\AppData\L...}, goog:chromeOptions: {debuggerAddress: localhost:57562}, javascriptEnabled: true, networkConnectionEnabled: false, pageLoadStrategy: normal, platform: WINDOWS, platformName: WINDOWS, proxy: Proxy(), setWindowRect: true, strictFileInteractability: false, timeouts: {implicit: 0, pageLoad: 300000, script: 30000}, unhandledPromptBehavior: dismiss and notify, webauthn:extension:credBlob: true, webauthn:extension:largeBlob: true, webauthn:virtualAuthenticators: true}
Session ID: a7a75854dffc0742f674b6fd814c893a
	at org.openqa.selenium.remote.http.W3CHttpResponseCodec.createException(W3CHttpResponseCodec.java:187)
	at org.openqa.selenium.remote.http.W3CHttpResponseCodec.decode(W3CHttpResponseCodec.java:122)
	at org.openqa.selenium.remote.http.W3CHttpResponseCodec.decode(W3CHttpResponseCodec.java:49)
	at org.openqa.selenium.remote.HttpCommandExecutor.execute(HttpCommandExecutor.java:158)
	at org.openqa.selenium.remote.service.DriverCommandExecutor.execute(DriverCommandExecutor.java:83)
	at org.openqa.selenium.remote.RemoteWebDriver.execute(RemoteWebDriver.java:552)
	at org.openqa.selenium.remote.RemoteWebDriver.get(RemoteWebDriver.java:277)
	at Flipkart_TestCases.BaseClass.OpenUrl(BaseClass.java:121)
	at Flipkart_TestCases.TC_06_Add_to_CartTest.Add_To_Cart_From_WishList(TC_06_Add_to_CartTest.java:22)
	at java.base/java.util.ArrayList.forEach(ArrayList.java:1540)
... Removed 36 stack frames
</div> <!-- stack-trace -->
                </div> <!-- method-content -->
              </div> <!-- method -->
            </div> <!-- main-panel-content rounded-window-bottom -->
          </div> <!-- suite-Surefire_suite-class-failed -->
          <div class="suite-Surefire_suite-class-failed">
            <div class="main-panel-header rounded-window-top">
              <img src="failed.png"/>
              <span class="class-name">Flipkart_TestCases.TC_05_Account_ActivityTest</span>
            </div> <!-- main-panel-header rounded-window-top -->
            <div class="main-panel-content rounded-window-bottom">
              <div class="method">
                <div class="method-content">
                  <a name="Set_personal_information(Samapti, Rudra, yes)">
                  </a> <!-- Set_personal_information(Samapti, Rudra, yes) -->
                  <span class="method-name">Set_personal_information</span>
                  <span class="parameters">(Samapti,Rudra,yes)</span>
                  <div class="stack-trace">org.openqa.selenium.NoSuchElementException: Cannot locate an element using xpath=//a[contains(text(),&apos;Login&apos;)]
For documentation on this error, please visit: https://www.seleniumhq.org/exceptions/no_such_element.html
Build info: version: &apos;3.141.59&apos;, revision: &apos;e82be7d358&apos;, time: &apos;2018-11-14T08:17:03&apos;
System info: host: &apos;IN-1T2N573&apos;, ip: &apos;192.168.0.104&apos;, os.name: &apos;Windows 10&apos;, os.arch: &apos;amd64&apos;, os.version: &apos;10.0&apos;, java.version: &apos;11.0.1&apos;
Driver info: driver.version: RemoteWebDriver
	at org.openqa.selenium.remote.RemoteWebDriver.findElement(RemoteWebDriver.java:327)
	at org.openqa.selenium.remote.RemoteWebDriver.findElementByXPath(RemoteWebDriver.java:428)
	at org.openqa.selenium.By$ByXPath.findElement(By.java:353)
	at org.openqa.selenium.remote.RemoteWebDriver.findElement(RemoteWebDriver.java:315)
	at Utilities.Login.Valid_login(Login.java:19)
	at Flipkart_TestCases.TC_05_Account_ActivityTest.Set_personal_information(TC_05_Account_ActivityTest.java:34)
	at java.base/java.util.ArrayList.forEach(ArrayList.java:1540)
... Removed 32 stack frames
</div> <!-- stack-trace -->
                </div> <!-- method-content -->
              </div> <!-- method -->
            </div> <!-- main-panel-content rounded-window-bottom -->
          </div> <!-- suite-Surefire_suite-class-failed -->
          <div class="suite-Surefire_suite-class-skipped">
            <div class="main-panel-header rounded-window-top">
              <img src="skipped.png"/>
              <span class="class-name">Flipkart_TestCases.TC_07_LogoTest</span>
            </div> <!-- main-panel-header rounded-window-top -->
            <div class="main-panel-content rounded-window-bottom">
              <div class="method">
                <div class="method-content">
                  <a name="verify_flipkart_plus">
                  </a> <!-- verify_flipkart_plus -->
                  <span class="method-name">verify_flipkart_plus</span>
                  <div class="stack-trace">org.openqa.selenium.NoSuchWindowException: no such window: target window already closed
from unknown error: web view not found
  (Session info: chrome=108.0.5359.96)
Build info: version: &apos;3.141.59&apos;, revision: &apos;e82be7d358&apos;, time: &apos;2018-11-14T08:17:03&apos;
System info: host: &apos;IN-1T2N573&apos;, ip: &apos;192.168.0.104&apos;, os.name: &apos;Windows 10&apos;, os.arch: &apos;amd64&apos;, os.version: &apos;10.0&apos;, java.version: &apos;11.0.1&apos;
Driver info: org.openqa.selenium.chrome.ChromeDriver
Capabilities {acceptInsecureCerts: false, browserName: chrome, browserVersion: 108.0.5359.96, chrome: {chromedriverVersion: 108.0.5359.71 (1e0e3868ee06..., userDataDir: C:\Users\SAMAPT~1\AppData\L...}, goog:chromeOptions: {debuggerAddress: localhost:57562}, javascriptEnabled: true, networkConnectionEnabled: false, pageLoadStrategy: normal, platform: WINDOWS, platformName: WINDOWS, proxy: Proxy(), setWindowRect: true, strictFileInteractability: false, timeouts: {implicit: 0, pageLoad: 300000, script: 30000}, unhandledPromptBehavior: dismiss and notify, webauthn:extension:credBlob: true, webauthn:extension:largeBlob: true, webauthn:virtualAuthenticators: true}
Session ID: a7a75854dffc0742f674b6fd814c893a
	at org.openqa.selenium.remote.http.W3CHttpResponseCodec.createException(W3CHttpResponseCodec.java:187)
	at org.openqa.selenium.remote.http.W3CHttpResponseCodec.decode(W3CHttpResponseCodec.java:122)
	at org.openqa.selenium.remote.http.W3CHttpResponseCodec.decode(W3CHttpResponseCodec.java:49)
	at org.openqa.selenium.remote.HttpCommandExecutor.execute(HttpCommandExecutor.java:158)
	at org.openqa.selenium.remote.service.DriverCommandExecutor.execute(DriverCommandExecutor.java:83)
	at org.openqa.selenium.remote.RemoteWebDriver.execute(RemoteWebDriver.java:552)
	at org.openqa.selenium.remote.RemoteWebDriver.execute(RemoteWebDriver.java:609)
	at org.openqa.selenium.remote.RemoteWebDriver.getScreenshotAs(RemoteWebDriver.java:295)
	at Utilities.CaptureScreenshot.ScreenShot(CaptureScreenshot.java:16)
	at Flipkart_TestCases.BaseClass.testCaseReport(BaseClass.java:160)
	at java.base/java.util.ArrayList.forEach(ArrayList.java:1540)
... Removed 41 stack frames
</div> <!-- stack-trace -->
                </div> <!-- method-content -->
              </div> <!-- method -->
            </div> <!-- main-panel-content rounded-window-bottom -->
          </div> <!-- suite-Surefire_suite-class-skipped -->
          <div class="suite-Surefire_suite-class-skipped">
            <div class="main-panel-header rounded-window-top">
              <img src="skipped.png"/>
              <span class="class-name">Flipkart_TestCases.TC_06_Add_to_CartTest</span>
            </div> <!-- main-panel-header rounded-window-top -->
            <div class="main-panel-content rounded-window-bottom">
              <div class="method">
                <div class="method-content">
                  <a name="Get_Total_Wishlist_items">
                  </a> <!-- Get_Total_Wishlist_items -->
                  <span class="method-name">Get_Total_Wishlist_items</span>
                  <div class="stack-trace">org.openqa.selenium.NoSuchWindowException: no such window: target window already closed
from unknown error: web view not found
  (Session info: chrome=108.0.5359.96)
Build info: version: &apos;3.141.59&apos;, revision: &apos;e82be7d358&apos;, time: &apos;2018-11-14T08:17:03&apos;
System info: host: &apos;IN-1T2N573&apos;, ip: &apos;192.168.0.104&apos;, os.name: &apos;Windows 10&apos;, os.arch: &apos;amd64&apos;, os.version: &apos;10.0&apos;, java.version: &apos;11.0.1&apos;
Driver info: org.openqa.selenium.chrome.ChromeDriver
Capabilities {acceptInsecureCerts: false, browserName: chrome, browserVersion: 108.0.5359.96, chrome: {chromedriverVersion: 108.0.5359.71 (1e0e3868ee06..., userDataDir: C:\Users\SAMAPT~1\AppData\L...}, goog:chromeOptions: {debuggerAddress: localhost:57562}, javascriptEnabled: true, networkConnectionEnabled: false, pageLoadStrategy: normal, platform: WINDOWS, platformName: WINDOWS, proxy: Proxy(), setWindowRect: true, strictFileInteractability: false, timeouts: {implicit: 0, pageLoad: 300000, script: 30000}, unhandledPromptBehavior: dismiss and notify, webauthn:extension:credBlob: true, webauthn:extension:largeBlob: true, webauthn:virtualAuthenticators: true}
Session ID: a7a75854dffc0742f674b6fd814c893a
	at org.openqa.selenium.remote.http.W3CHttpResponseCodec.createException(W3CHttpResponseCodec.java:187)
	at org.openqa.selenium.remote.http.W3CHttpResponseCodec.decode(W3CHttpResponseCodec.java:122)
	at org.openqa.selenium.remote.http.W3CHttpResponseCodec.decode(W3CHttpResponseCodec.java:49)
	at org.openqa.selenium.remote.HttpCommandExecutor.execute(HttpCommandExecutor.java:158)
	at org.openqa.selenium.remote.service.DriverCommandExecutor.execute(DriverCommandExecutor.java:83)
	at org.openqa.selenium.remote.RemoteWebDriver.execute(RemoteWebDriver.java:552)
	at org.openqa.selenium.remote.RemoteWebDriver.execute(RemoteWebDriver.java:609)
	at org.openqa.selenium.remote.RemoteWebDriver.getScreenshotAs(RemoteWebDriver.java:295)
	at Utilities.CaptureScreenshot.ScreenShot(CaptureScreenshot.java:16)
	at Flipkart_TestCases.BaseClass.testCaseReport(BaseClass.java:160)
	at java.base/java.util.ArrayList.forEach(ArrayList.java:1540)
... Removed 41 stack frames
</div> <!-- stack-trace -->
                </div> <!-- method-content -->
              </div> <!-- method -->
            </div> <!-- main-panel-content rounded-window-bottom -->
          </div> <!-- suite-Surefire_suite-class-skipped -->
          <div class="suite-Surefire_suite-class-skipped">
            <div class="main-panel-header rounded-window-top">
              <img src="skipped.png"/>
              <span class="class-name">Flipkart_TestCases.TC_05_Account_ActivityTest</span>
            </div> <!-- main-panel-header rounded-window-top -->
            <div class="main-panel-content rounded-window-bottom">
              <div class="method">
                <div class="method-content">
                  <a name="Explore_Gift_Cards">
                  </a> <!-- Explore_Gift_Cards -->
                  <span class="method-name">Explore_Gift_Cards</span>
                  <div class="stack-trace">org.openqa.selenium.NoSuchWindowException: no such window: target window already closed
from unknown error: web view not found
  (Session info: chrome=108.0.5359.96)
Build info: version: &apos;3.141.59&apos;, revision: &apos;e82be7d358&apos;, time: &apos;2018-11-14T08:17:03&apos;
System info: host: &apos;IN-1T2N573&apos;, ip: &apos;192.168.0.104&apos;, os.name: &apos;Windows 10&apos;, os.arch: &apos;amd64&apos;, os.version: &apos;10.0&apos;, java.version: &apos;11.0.1&apos;
Driver info: org.openqa.selenium.chrome.ChromeDriver
Capabilities {acceptInsecureCerts: false, browserName: chrome, browserVersion: 108.0.5359.96, chrome: {chromedriverVersion: 108.0.5359.71 (1e0e3868ee06..., userDataDir: C:\Users\SAMAPT~1\AppData\L...}, goog:chromeOptions: {debuggerAddress: localhost:57562}, javascriptEnabled: true, networkConnectionEnabled: false, pageLoadStrategy: normal, platform: WINDOWS, platformName: WINDOWS, proxy: Proxy(), setWindowRect: true, strictFileInteractability: false, timeouts: {implicit: 0, pageLoad: 300000, script: 30000}, unhandledPromptBehavior: dismiss and notify, webauthn:extension:credBlob: true, webauthn:extension:largeBlob: true, webauthn:virtualAuthenticators: true}
Session ID: a7a75854dffc0742f674b6fd814c893a
	at org.openqa.selenium.remote.http.W3CHttpResponseCodec.createException(W3CHttpResponseCodec.java:187)
	at org.openqa.selenium.remote.http.W3CHttpResponseCodec.decode(W3CHttpResponseCodec.java:122)
	at org.openqa.selenium.remote.http.W3CHttpResponseCodec.decode(W3CHttpResponseCodec.java:49)
	at org.openqa.selenium.remote.HttpCommandExecutor.execute(HttpCommandExecutor.java:158)
	at org.openqa.selenium.remote.service.DriverCommandExecutor.execute(DriverCommandExecutor.java:83)
	at org.openqa.selenium.remote.RemoteWebDriver.execute(RemoteWebDriver.java:552)
	at org.openqa.selenium.remote.RemoteWebDriver.execute(RemoteWebDriver.java:609)
	at org.openqa.selenium.remote.RemoteWebDriver.getScreenshotAs(RemoteWebDriver.java:295)
	at Utilities.CaptureScreenshot.ScreenShot(CaptureScreenshot.java:16)
	at Flipkart_TestCases.BaseClass.testCaseReport(BaseClass.java:160)
	at java.base/java.util.ArrayList.forEach(ArrayList.java:1540)
... Removed 41 stack frames
</div> <!-- stack-trace -->
                </div> <!-- method-content -->
              </div> <!-- method -->
              <div class="method">
                <div class="method-content">
                  <a name="Explore_My_Coupons">
                  </a> <!-- Explore_My_Coupons -->
                  <span class="method-name">Explore_My_Coupons</span>
                  <div class="stack-trace">org.openqa.selenium.NoSuchWindowException: no such window: target window already closed
from unknown error: web view not found
  (Session info: chrome=108.0.5359.96)
Build info: version: &apos;3.141.59&apos;, revision: &apos;e82be7d358&apos;, time: &apos;2018-11-14T08:17:03&apos;
System info: host: &apos;IN-1T2N573&apos;, ip: &apos;192.168.0.104&apos;, os.name: &apos;Windows 10&apos;, os.arch: &apos;amd64&apos;, os.version: &apos;10.0&apos;, java.version: &apos;11.0.1&apos;
Driver info: org.openqa.selenium.chrome.ChromeDriver
Capabilities {acceptInsecureCerts: false, browserName: chrome, browserVersion: 108.0.5359.96, chrome: {chromedriverVersion: 108.0.5359.71 (1e0e3868ee06..., userDataDir: C:\Users\SAMAPT~1\AppData\L...}, goog:chromeOptions: {debuggerAddress: localhost:57562}, javascriptEnabled: true, networkConnectionEnabled: false, pageLoadStrategy: normal, platform: WINDOWS, platformName: WINDOWS, proxy: Proxy(), setWindowRect: true, strictFileInteractability: false, timeouts: {implicit: 0, pageLoad: 300000, script: 30000}, unhandledPromptBehavior: dismiss and notify, webauthn:extension:credBlob: true, webauthn:extension:largeBlob: true, webauthn:virtualAuthenticators: true}
Session ID: a7a75854dffc0742f674b6fd814c893a
	at org.openqa.selenium.remote.http.W3CHttpResponseCodec.createException(W3CHttpResponseCodec.java:187)
	at org.openqa.selenium.remote.http.W3CHttpResponseCodec.decode(W3CHttpResponseCodec.java:122)
	at org.openqa.selenium.remote.http.W3CHttpResponseCodec.decode(W3CHttpResponseCodec.java:49)
	at org.openqa.selenium.remote.HttpCommandExecutor.execute(HttpCommandExecutor.java:158)
	at org.openqa.selenium.remote.service.DriverCommandExecutor.execute(DriverCommandExecutor.java:83)
	at org.openqa.selenium.remote.RemoteWebDriver.execute(RemoteWebDriver.java:552)
	at org.openqa.selenium.remote.RemoteWebDriver.execute(RemoteWebDriver.java:609)
	at org.openqa.selenium.remote.RemoteWebDriver.getScreenshotAs(RemoteWebDriver.java:295)
	at Utilities.CaptureScreenshot.ScreenShot(CaptureScreenshot.java:16)
	at Flipkart_TestCases.BaseClass.testCaseReport(BaseClass.java:160)
	at java.base/java.util.ArrayList.forEach(ArrayList.java:1540)
... Removed 41 stack frames
</div> <!-- stack-trace -->
                </div> <!-- method-content -->
              </div> <!-- method -->
              <div class="method">
                <div class="method-content">
                  <a name="Explore_My_Notifications">
                  </a> <!-- Explore_My_Notifications -->
                  <span class="method-name">Explore_My_Notifications</span>
                  <div class="stack-trace">org.openqa.selenium.NoSuchWindowException: no such window: target window already closed
from unknown error: web view not found
  (Session info: chrome=108.0.5359.96)
Build info: version: &apos;3.141.59&apos;, revision: &apos;e82be7d358&apos;, time: &apos;2018-11-14T08:17:03&apos;
System info: host: &apos;IN-1T2N573&apos;, ip: &apos;192.168.0.104&apos;, os.name: &apos;Windows 10&apos;, os.arch: &apos;amd64&apos;, os.version: &apos;10.0&apos;, java.version: &apos;11.0.1&apos;
Driver info: org.openqa.selenium.chrome.ChromeDriver
Capabilities {acceptInsecureCerts: false, browserName: chrome, browserVersion: 108.0.5359.96, chrome: {chromedriverVersion: 108.0.5359.71 (1e0e3868ee06..., userDataDir: C:\Users\SAMAPT~1\AppData\L...}, goog:chromeOptions: {debuggerAddress: localhost:57562}, javascriptEnabled: true, networkConnectionEnabled: false, pageLoadStrategy: normal, platform: WINDOWS, platformName: WINDOWS, proxy: Proxy(), setWindowRect: true, strictFileInteractability: false, timeouts: {implicit: 0, pageLoad: 300000, script: 30000}, unhandledPromptBehavior: dismiss and notify, webauthn:extension:credBlob: true, webauthn:extension:largeBlob: true, webauthn:virtualAuthenticators: true}
Session ID: a7a75854dffc0742f674b6fd814c893a
	at org.openqa.selenium.remote.http.W3CHttpResponseCodec.createException(W3CHttpResponseCodec.java:187)
	at org.openqa.selenium.remote.http.W3CHttpResponseCodec.decode(W3CHttpResponseCodec.java:122)
	at org.openqa.selenium.remote.http.W3CHttpResponseCodec.decode(W3CHttpResponseCodec.java:49)
	at org.openqa.selenium.remote.HttpCommandExecutor.execute(HttpCommandExecutor.java:158)
	at org.openqa.selenium.remote.service.DriverCommandExecutor.execute(DriverCommandExecutor.java:83)
	at org.openqa.selenium.remote.RemoteWebDriver.execute(RemoteWebDriver.java:552)
	at org.openqa.selenium.remote.RemoteWebDriver.execute(RemoteWebDriver.java:609)
	at org.openqa.selenium.remote.RemoteWebDriver.getScreenshotAs(RemoteWebDriver.java:295)
	at Utilities.CaptureScreenshot.ScreenShot(CaptureScreenshot.java:16)
	at Flipkart_TestCases.BaseClass.testCaseReport(BaseClass.java:160)
	at java.base/java.util.ArrayList.forEach(ArrayList.java:1540)
... Removed 41 stack frames
</div> <!-- stack-trace -->
                </div> <!-- method-content -->
              </div> <!-- method -->
              <div class="method">
                <div class="method-content">
                  <a name="Manage_Address(Samapti, 93822204358, 713343, Kulti, Kulti Sripur Road, yes)">
                  </a> <!-- Manage_Address(Samapti, 93822204358, 713343, Kulti, Kulti Sripur Road, yes) -->
                  <span class="method-name">Manage_Address</span>
                  <span class="parameters">(Samapti,93822204358,713343,Kulti,Kulti Sripur Road,yes)</span>
                  <div class="stack-trace">org.openqa.selenium.NoSuchWindowException: no such window: target window already closed
from unknown error: web view not found
  (Session info: chrome=108.0.5359.96)
Build info: version: &apos;3.141.59&apos;, revision: &apos;e82be7d358&apos;, time: &apos;2018-11-14T08:17:03&apos;
System info: host: &apos;IN-1T2N573&apos;, ip: &apos;192.168.0.104&apos;, os.name: &apos;Windows 10&apos;, os.arch: &apos;amd64&apos;, os.version: &apos;10.0&apos;, java.version: &apos;11.0.1&apos;
Driver info: org.openqa.selenium.chrome.ChromeDriver
Capabilities {acceptInsecureCerts: false, browserName: chrome, browserVersion: 108.0.5359.96, chrome: {chromedriverVersion: 108.0.5359.71 (1e0e3868ee06..., userDataDir: C:\Users\SAMAPT~1\AppData\L...}, goog:chromeOptions: {debuggerAddress: localhost:57562}, javascriptEnabled: true, networkConnectionEnabled: false, pageLoadStrategy: normal, platform: WINDOWS, platformName: WINDOWS, proxy: Proxy(), setWindowRect: true, strictFileInteractability: false, timeouts: {implicit: 0, pageLoad: 300000, script: 30000}, unhandledPromptBehavior: dismiss and notify, webauthn:extension:credBlob: true, webauthn:extension:largeBlob: true, webauthn:virtualAuthenticators: true}
Session ID: a7a75854dffc0742f674b6fd814c893a
	at org.openqa.selenium.remote.http.W3CHttpResponseCodec.createException(W3CHttpResponseCodec.java:187)
	at org.openqa.selenium.remote.http.W3CHttpResponseCodec.decode(W3CHttpResponseCodec.java:122)
	at org.openqa.selenium.remote.http.W3CHttpResponseCodec.decode(W3CHttpResponseCodec.java:49)
	at org.openqa.selenium.remote.HttpCommandExecutor.execute(HttpCommandExecutor.java:158)
	at org.openqa.selenium.remote.service.DriverCommandExecutor.execute(DriverCommandExecutor.java:83)
	at org.openqa.selenium.remote.RemoteWebDriver.execute(RemoteWebDriver.java:552)
	at org.openqa.selenium.remote.RemoteWebDriver.execute(RemoteWebDriver.java:609)
	at org.openqa.selenium.remote.RemoteWebDriver.getScreenshotAs(RemoteWebDriver.java:295)
	at Utilities.CaptureScreenshot.ScreenShot(CaptureScreenshot.java:16)
	at Flipkart_TestCases.BaseClass.testCaseReport(BaseClass.java:160)
	at java.base/java.util.ArrayList.forEach(ArrayList.java:1540)
... Removed 41 stack frames
</div> <!-- stack-trace -->
                </div> <!-- method-content -->
              </div> <!-- method -->
            </div> <!-- main-panel-content rounded-window-bottom -->
          </div> <!-- suite-Surefire_suite-class-skipped -->
          <div class="suite-Surefire_suite-class-passed">
            <div class="main-panel-header rounded-window-top">
              <img src="passed.png"/>
              <span class="class-name">Flipkart_TestCases.TC_03_SearchTest</span>
            </div> <!-- main-panel-header rounded-window-top -->
            <div class="main-panel-content rounded-window-bottom">
              <div class="method">
                <div class="method-content">
                  <a name="Search_According_to_Brand">
                  </a> <!-- Search_According_to_Brand -->
                  <span class="method-name">Search_According_to_Brand</span>
                </div> <!-- method-content -->
              </div> <!-- method -->
              <div class="method">
                <div class="method-content">
                  <a name="Search_From_DropDown">
                  </a> <!-- Search_From_DropDown -->
                  <span class="method-name">Search_From_DropDown</span>
                </div> <!-- method-content -->
              </div> <!-- method -->
              <div class="method">
                <div class="method-content">
                  <a name="Search_Using_Icon(Moisturizer, yes)">
                  </a> <!-- Search_Using_Icon(Moisturizer, yes) -->
                  <span class="method-name">Search_Using_Icon</span>
                  <span class="parameters">(Moisturizer,yes)</span>
                </div> <!-- method-content -->
              </div> <!-- method -->
              <div class="method">
                <div class="method-content">
                  <a name="Search_Using_Icon(Woman Tops, Yes)">
                  </a> <!-- Search_Using_Icon(Woman Tops, Yes) -->
                  <span class="method-name">Search_Using_Icon</span>
                  <span class="parameters">(Woman Tops,Yes)</span>
                </div> <!-- method-content -->
              </div> <!-- method -->
              <div class="method">
                <div class="method-content">
                  <a name="Search_Using_click(Mobile, yes)">
                  </a> <!-- Search_Using_click(Mobile, yes) -->
                  <span class="method-name">Search_Using_click</span>
                  <span class="parameters">(Mobile,yes)</span>
                </div> <!-- method-content -->
              </div> <!-- method -->
              <div class="method">
                <div class="method-content">
                  <a name="Search_Using_click(Laptops, Yes)">
                  </a> <!-- Search_Using_click(Laptops, Yes) -->
                  <span class="method-name">Search_Using_click</span>
                  <span class="parameters">(Laptops,Yes)</span>
                </div> <!-- method-content -->
              </div> <!-- method -->
            </div> <!-- main-panel-content rounded-window-bottom -->
          </div> <!-- suite-Surefire_suite-class-passed -->
          <div class="suite-Surefire_suite-class-passed">
            <div class="main-panel-header rounded-window-top">
              <img src="passed.png"/>
              <span class="class-name">Flipkart_TestCases.TC_02_LoginTest</span>
            </div> <!-- main-panel-header rounded-window-top -->
            <div class="main-panel-content rounded-window-bottom">
              <div class="method">
                <div class="method-content">
                  <a name="login(9382204358, Rudra2023, yes)">
                  </a> <!-- login(9382204358, Rudra2023, yes) -->
                  <span class="method-name">login</span>
                  <span class="parameters">(9382204358,Rudra2023,yes)</span>
                </div> <!-- method-content -->
              </div> <!-- method -->
              <div class="method">
                <div class="method-content">
                  <a name="login( , Rudra2023, yes)">
                  </a> <!-- login( , Rudra2023, yes) -->
                  <span class="method-name">login</span>
                  <span class="parameters">( ,Rudra2023,yes)</span>
                </div> <!-- method-content -->
              </div> <!-- method -->
              <div class="method">
                <div class="method-content">
                  <a name="login(9382204358,  , yes)">
                  </a> <!-- login(9382204358,  , yes) -->
                  <span class="method-name">login</span>
                  <span class="parameters">(9382204358, ,yes)</span>
                </div> <!-- method-content -->
              </div> <!-- method -->
              <div class="method">
                <div class="method-content">
                  <a name="login( ,  , yes)">
                  </a> <!-- login( ,  , yes) -->
                  <span class="method-name">login</span>
                  <span class="parameters">( , ,yes)</span>
                </div> <!-- method-content -->
              </div> <!-- method -->
            </div> <!-- main-panel-content rounded-window-bottom -->
          </div> <!-- suite-Surefire_suite-class-passed -->
          <div class="suite-Surefire_suite-class-passed">
            <div class="main-panel-header rounded-window-top">
              <img src="passed.png"/>
              <span class="class-name">Flipkart_TestCases.TC_04_Become_a_sellerTest</span>
            </div> <!-- main-panel-header rounded-window-top -->
            <div class="main-panel-content rounded-window-bottom">
              <div class="method">
                <div class="method-content">
                  <a name="Verify_Seller_Person_NameTest">
                  </a> <!-- Verify_Seller_Person_NameTest -->
                  <span class="method-name">Verify_Seller_Person_NameTest</span>
                </div> <!-- method-content -->
              </div> <!-- method -->
            </div> <!-- main-panel-content rounded-window-bottom -->
          </div> <!-- suite-Surefire_suite-class-passed -->
          <div class="suite-Surefire_suite-class-passed">
            <div class="main-panel-header rounded-window-top">
              <img src="passed.png"/>
              <span class="class-name">Flipkart_TestCases.TC_01_RegistrationTest</span>
            </div> <!-- main-panel-header rounded-window-top -->
            <div class="main-panel-content rounded-window-bottom">
              <div class="method">
                <div class="method-content">
                  <a name="User_Registration(9832845457, 987067, Rudra2023, yes)">
                  </a> <!-- User_Registration(9832845457, 987067, Rudra2023, yes) -->
                  <span class="method-name">User_Registration</span>
                  <span class="parameters">(9832845457,987067,Rudra2023,yes)</span>
                </div> <!-- method-content -->
              </div> <!-- method -->
            </div> <!-- main-panel-content rounded-window-bottom -->
          </div> <!-- suite-Surefire_suite-class-passed -->
        </div> <!-- panel Surefire_suite -->
        <div panel-name="test-xml-Surefire_suite" class="panel">
          <div class="main-panel-header rounded-window-top">
          </div> <!-- main-panel-header rounded-window-top -->
          <div class="main-panel-content rounded-window-bottom">
            <pre>
&lt;?xml version=&quot;1.0&quot; encoding=&quot;UTF-8&quot;?&gt;
&lt;!DOCTYPE suite SYSTEM &quot;https://testng.org/testng-1.0.dtd&quot;&gt;
&lt;suite thread-count=&quot;1&quot; name=&quot;Surefire suite&quot; verbose=&quot;0&quot;&gt;
  &lt;test thread-count=&quot;1&quot; name=&quot;Surefire test&quot; verbose=&quot;0&quot;&gt;
    &lt;classes&gt;
      &lt;class name=&quot;Flipkart_TestCases.TC_01_RegistrationTest&quot;/&gt;
      &lt;class name=&quot;Flipkart_TestCases.TC_02_LoginTest&quot;/&gt;
      &lt;class name=&quot;Flipkart_TestCases.TC_03_SearchTest&quot;/&gt;
      &lt;class name=&quot;Flipkart_TestCases.TC_04_Become_a_sellerTest&quot;/&gt;
      &lt;class name=&quot;Flipkart_TestCases.TC_05_Account_ActivityTest&quot;/&gt;
      &lt;class name=&quot;Flipkart_TestCases.TC_06_Add_to_CartTest&quot;/&gt;
      &lt;class name=&quot;Flipkart_TestCases.TC_07_LogoTest&quot;/&gt;
      &lt;class name=&quot;Flipkart_TestCases.TC_08_LogOutTest&quot;/&gt;
    &lt;/classes&gt;
  &lt;/test&gt; &lt;!-- Surefire test --&gt;
&lt;/suite&gt; &lt;!-- Surefire suite --&gt;
            </pre>
          </div> <!-- main-panel-content rounded-window-bottom -->
        </div> <!-- panel -->
        <div panel-name="testlist-Surefire_suite" class="panel">
          <div class="main-panel-header rounded-window-top">
            <span class="header-content">Tests for Surefire suite</span>
          </div> <!-- main-panel-header rounded-window-top -->
          <div class="main-panel-content rounded-window-bottom">
            <ul>
              <li>
                <span class="test-name">Surefire test (8 classes)</span>
              </li>
            </ul>
          </div> <!-- main-panel-content rounded-window-bottom -->
        </div> <!-- panel -->
        <div panel-name="group-Surefire_suite" class="panel">
          <div class="main-panel-header rounded-window-top">
            <span class="header-content">Groups for Surefire suite</span>
          </div> <!-- main-panel-header rounded-window-top -->
          <div class="main-panel-content rounded-window-bottom">
            <div class="test-group">
              <span class="test-group-name">AccountActivity</span>
              <br/>
              <div class="method-in-group">
                <span class="method-in-group-name">Explore_Gift_Cards</span>
                <br/>
              </div> <!-- method-in-group -->
              <div class="method-in-group">
                <span class="method-in-group-name">Explore_My_Coupons</span>
                <br/>
              </div> <!-- method-in-group -->
              <div class="method-in-group">
                <span class="method-in-group-name">Explore_My_Notifications</span>
                <br/>
              </div> <!-- method-in-group -->
              <div class="method-in-group">
                <span class="method-in-group-name">Manage_Address</span>
                <br/>
              </div> <!-- method-in-group -->
              <div class="method-in-group">
                <span class="method-in-group-name">Set_personal_information</span>
                <br/>
              </div> <!-- method-in-group -->
            </div> <!-- test-group -->
            <div class="test-group">
              <span class="test-group-name">CartTest</span>
              <br/>
              <div class="method-in-group">
                <span class="method-in-group-name">Add_To_Cart_From_WishList</span>
                <br/>
              </div> <!-- method-in-group -->
              <div class="method-in-group">
                <span class="method-in-group-name">Get_Total_Wishlist_items</span>
                <br/>
              </div> <!-- method-in-group -->
            </div> <!-- test-group -->
            <div class="test-group">
              <span class="test-group-name">Registration</span>
              <br/>
              <div class="method-in-group">
                <span class="method-in-group-name">User_Registration</span>
                <br/>
              </div> <!-- method-in-group -->
              <div class="method-in-group">
                <span class="method-in-group-name">login</span>
                <br/>
              </div> <!-- method-in-group -->
            </div> <!-- test-group -->
            <div class="test-group">
              <span class="test-group-name">Search</span>
              <br/>
              <div class="method-in-group">
                <span class="method-in-group-name">Search_According_to_Brand</span>
                <br/>
              </div> <!-- method-in-group -->
              <div class="method-in-group">
                <span class="method-in-group-name">Search_From_DropDown</span>
                <br/>
              </div> <!-- method-in-group -->
              <div class="method-in-group">
                <span class="method-in-group-name">Search_Using_Icon</span>
                <br/>
              </div> <!-- method-in-group -->
              <div class="method-in-group">
                <span class="method-in-group-name">Search_Using_click</span>
                <br/>
              </div> <!-- method-in-group -->
            </div> <!-- test-group -->
            <div class="test-group">
              <span class="test-group-name">header</span>
              <br/>
              <div class="method-in-group">
                <span class="method-in-group-name">Verify_Seller_Person_NameTest</span>
                <br/>
              </div> <!-- method-in-group -->
              <div class="method-in-group">
                <span class="method-in-group-name">verify_flipkart_plus</span>
                <br/>
              </div> <!-- method-in-group -->
              <div class="method-in-group">
                <span class="method-in-group-name">verify_logo_text</span>
                <br/>
              </div> <!-- method-in-group -->
            </div> <!-- test-group -->
            <div class="test-group">
              <span class="test-group-name">login</span>
              <br/>
              <div class="method-in-group">
                <span class="method-in-group-name">User_Registration</span>
                <br/>
              </div> <!-- method-in-group -->
              <div class="method-in-group">
                <span class="method-in-group-name">login</span>
                <br/>
              </div> <!-- method-in-group -->
            </div> <!-- test-group -->
          </div> <!-- main-panel-content rounded-window-bottom -->
        </div> <!-- panel -->
        <div panel-name="times-Surefire_suite" class="panel">
          <div class="main-panel-header rounded-window-top">
            <span class="header-content">Times for Surefire suite</span>
          </div> <!-- main-panel-header rounded-window-top -->
          <div class="main-panel-content rounded-window-bottom">
            <div class="times-div">
              <script type="text/javascript">
suiteTableInitFunctions.push('tableData_Surefire_suite');
function tableData_Surefire_suite() {
var data = new google.visualization.DataTable();
data.addColumn('number', 'Number');
data.addColumn('string', 'Method');
data.addColumn('string', 'Class');
data.addColumn('number', 'Time (ms)');
data.addRows(22);
data.setCell(0, 0, 0)
data.setCell(0, 1, 'Set_personal_information')
data.setCell(0, 2, 'Flipkart_TestCases.TC_05_Account_ActivityTest')
data.setCell(0, 3, 29942);
data.setCell(1, 0, 1)
data.setCell(1, 1, 'Verify_Seller_Person_NameTest')
data.setCell(1, 2, 'Flipkart_TestCases.TC_04_Become_a_sellerTest')
data.setCell(1, 3, 5174);
data.setCell(2, 0, 2)
data.setCell(2, 1, 'Search_Using_Icon')
data.setCell(2, 2, 'Flipkart_TestCases.TC_03_SearchTest')
data.setCell(2, 3, 2827);
data.setCell(3, 0, 3)
data.setCell(3, 1, 'Search_From_DropDown')
data.setCell(3, 2, 'Flipkart_TestCases.TC_03_SearchTest')
data.setCell(3, 3, 2761);
data.setCell(4, 0, 4)
data.setCell(4, 1, 'Search_According_to_Brand')
data.setCell(4, 2, 'Flipkart_TestCases.TC_03_SearchTest')
data.setCell(4, 3, 2719);
data.setCell(5, 0, 5)
data.setCell(5, 1, 'User_Registration')
data.setCell(5, 2, 'Flipkart_TestCases.TC_01_RegistrationTest')
data.setCell(5, 3, 2716);
data.setCell(6, 0, 6)
data.setCell(6, 1, 'login')
data.setCell(6, 2, 'Flipkart_TestCases.TC_02_LoginTest')
data.setCell(6, 3, 2642);
data.setCell(7, 0, 7)
data.setCell(7, 1, 'Search_Using_Icon')
data.setCell(7, 2, 'Flipkart_TestCases.TC_03_SearchTest')
data.setCell(7, 3, 2551);
data.setCell(8, 0, 8)
data.setCell(8, 1, 'Search_Using_click')
data.setCell(8, 2, 'Flipkart_TestCases.TC_03_SearchTest')
data.setCell(8, 3, 2214);
data.setCell(9, 0, 9)
data.setCell(9, 1, 'Search_Using_click')
data.setCell(9, 2, 'Flipkart_TestCases.TC_03_SearchTest')
data.setCell(9, 3, 2040);
data.setCell(10, 0, 10)
data.setCell(10, 1, 'login')
data.setCell(10, 2, 'Flipkart_TestCases.TC_02_LoginTest')
data.setCell(10, 3, 1785);
data.setCell(11, 0, 11)
data.setCell(11, 1, 'login')
data.setCell(11, 2, 'Flipkart_TestCases.TC_02_LoginTest')
data.setCell(11, 3, 1657);
data.setCell(12, 0, 12)
data.setCell(12, 1, 'login')
data.setCell(12, 2, 'Flipkart_TestCases.TC_02_LoginTest')
data.setCell(12, 3, 1433);
data.setCell(13, 0, 13)
data.setCell(13, 1, 'verify_logo_text')
data.setCell(13, 2, 'Flipkart_TestCases.TC_07_LogoTest')
data.setCell(13, 3, 19);
data.setCell(14, 0, 14)
data.setCell(14, 1, 'Log_Out')
data.setCell(14, 2, 'Flipkart_TestCases.TC_08_LogOutTest')
data.setCell(14, 3, 18);
data.setCell(15, 0, 15)
data.setCell(15, 1, 'Add_To_Cart_From_WishList')
data.setCell(15, 2, 'Flipkart_TestCases.TC_06_Add_to_CartTest')
data.setCell(15, 3, 15);
data.setCell(16, 0, 16)
data.setCell(16, 1, 'Explore_Gift_Cards')
data.setCell(16, 2, 'Flipkart_TestCases.TC_05_Account_ActivityTest')
data.setCell(16, 3, 0);
data.setCell(17, 0, 17)
data.setCell(17, 1, 'Explore_My_Notifications')
data.setCell(17, 2, 'Flipkart_TestCases.TC_05_Account_ActivityTest')
data.setCell(17, 3, 0);
data.setCell(18, 0, 18)
data.setCell(18, 1, 'Manage_Address')
data.setCell(18, 2, 'Flipkart_TestCases.TC_05_Account_ActivityTest')
data.setCell(18, 3, 0);
data.setCell(19, 0, 19)
data.setCell(19, 1, 'Get_Total_Wishlist_items')
data.setCell(19, 2, 'Flipkart_TestCases.TC_06_Add_to_CartTest')
data.setCell(19, 3, 0);
data.setCell(20, 0, 20)
data.setCell(20, 1, 'Explore_My_Coupons')
data.setCell(20, 2, 'Flipkart_TestCases.TC_05_Account_ActivityTest')
data.setCell(20, 3, 0);
data.setCell(21, 0, 21)
data.setCell(21, 1, 'verify_flipkart_plus')
data.setCell(21, 2, 'Flipkart_TestCases.TC_07_LogoTest')
data.setCell(21, 3, 0);
window.suiteTableData['Surefire_suite']= { tableData: data, tableDiv: 'times-div-Surefire_suite'}
return data;
}
              </script>
              <span class="suite-total-time">Total running time: 1 minutes</span>
              <div id="times-div-Surefire_suite">
              </div> <!-- times-div-Surefire_suite -->
            </div> <!-- times-div -->
          </div> <!-- main-panel-content rounded-window-bottom -->
        </div> <!-- panel -->
        <div panel-name="reporter-Surefire_suite" class="panel">
          <div class="main-panel-header rounded-window-top">
            <span class="header-content">Reporter output for Surefire suite</span>
          </div> <!-- main-panel-header rounded-window-top -->
          <div class="main-panel-content rounded-window-bottom">
          </div> <!-- main-panel-content rounded-window-bottom -->
        </div> <!-- panel -->
        <div panel-name="ignored-methods-Surefire_suite" class="panel">
          <div class="main-panel-header rounded-window-top">
            <span class="header-content">14 ignored methods</span>
          </div> <!-- main-panel-header rounded-window-top -->
          <div class="main-panel-content rounded-window-bottom">
            <div class="ignored-class-div">
              <span class="ignored-class-name">Flipkart_TestCases.TC_03_SearchTest</span>
              <div class="ignored-methods-div">
                <span class="ignored-method-name">tearDown</span>
                <br/>
                <span class="ignored-method-name">TestBrowser</span>
                <br/>
              </div> <!-- ignored-methods-div -->
            </div> <!-- ignored-class-div -->
            <div class="ignored-class-div">
              <span class="ignored-class-name">Flipkart_TestCases.TC_02_LoginTest</span>
              <div class="ignored-methods-div">
                <span class="ignored-method-name">TestBrowser</span>
                <br/>
                <span class="ignored-method-name">tearDown</span>
                <br/>
              </div> <!-- ignored-methods-div -->
            </div> <!-- ignored-class-div -->
            <div class="ignored-class-div">
              <span class="ignored-class-name">Flipkart_TestCases.TC_08_LogOutTest</span>
              <div class="ignored-methods-div">
                <span class="ignored-method-name">tearDown</span>
                <br/>
                <span class="ignored-method-name">TestBrowser</span>
                <br/>
              </div> <!-- ignored-methods-div -->
            </div> <!-- ignored-class-div -->
            <div class="ignored-class-div">
              <span class="ignored-class-name">Flipkart_TestCases.TC_04_Become_a_sellerTest</span>
              <div class="ignored-methods-div">
                <span class="ignored-method-name">TestBrowser</span>
                <br/>
                <span class="ignored-method-name">tearDown</span>
                <br/>
              </div> <!-- ignored-methods-div -->
            </div> <!-- ignored-class-div -->
            <div class="ignored-class-div">
              <span class="ignored-class-name">Flipkart_TestCases.TC_07_LogoTest</span>
              <div class="ignored-methods-div">
                <span class="ignored-method-name">tearDown</span>
                <br/>
                <span class="ignored-method-name">TestBrowser</span>
                <br/>
              </div> <!-- ignored-methods-div -->
            </div> <!-- ignored-class-div -->
            <div class="ignored-class-div">
              <span class="ignored-class-name">Flipkart_TestCases.TC_06_Add_to_CartTest</span>
              <div class="ignored-methods-div">
                <span class="ignored-method-name">tearDown</span>
                <br/>
                <span class="ignored-method-name">TestBrowser</span>
                <br/>
              </div> <!-- ignored-methods-div -->
            </div> <!-- ignored-class-div -->
            <div class="ignored-class-div">
              <span class="ignored-class-name">Flipkart_TestCases.TC_05_Account_ActivityTest</span>
              <div class="ignored-methods-div">
                <span class="ignored-method-name">tearDown</span>
                <br/>
                <span class="ignored-method-name">TestBrowser</span>
                <br/>
              </div> <!-- ignored-methods-div -->
            </div> <!-- ignored-class-div -->
          </div> <!-- main-panel-content rounded-window-bottom -->
        </div> <!-- panel -->
        <div panel-name="chronological-Surefire_suite" class="panel">
          <div class="main-panel-header rounded-window-top">
            <span class="header-content">Methods in chronological order</span>
          </div> <!-- main-panel-header rounded-window-top -->
          <div class="main-panel-content rounded-window-bottom">
            <div class="chronological-class">
              <div class="chronological-class-name">Flipkart_TestCases.TC_01_RegistrationTest</div> <!-- chronological-class-name -->
              <div class="configuration-suite before">
                <span class="method-name">TestBrowser</span>
                <span class="method-start">0 ms</span>
              </div> <!-- configuration-suite before -->
              <div class="configuration-method before">
                <span class="method-name">StartTestCase(public static void Flipkart_TestCases.TC_01_RegistrationTest.User_Registration(java.lang.Object,java...)</span>
                <span class="method-start">27158 ms</span>
              </div> <!-- configuration-method before -->
              <div class="test-method">
                <span class="method-name">User_Registration(9832845457, 987067, Rudra2023, yes)</span>
                <span class="method-start">27166 ms</span>
              </div> <!-- test-method -->
              <div class="configuration-method after">
                <span class="method-name">testCaseReport([TestResult name=User_Registration status=SUCCESS method=TC_01_RegistrationTest.User_Registration(ja...)</span>
                <span class="method-start">29885 ms</span>
              </div> <!-- configuration-method after -->
            </div> <!-- chronological-class -->
            <div class="chronological-class">
              <div class="chronological-class-name">Flipkart_TestCases.TC_02_LoginTest</div> <!-- chronological-class-name -->
              <div class="configuration-method before">
                <span class="method-name">StartTestCase(public static void Flipkart_TestCases.TC_02_LoginTest.login(java.lang.Object,java.lang.Object,java.l...)</span>
                <span class="method-start">29983 ms</span>
              </div> <!-- configuration-method before -->
              <div class="test-method">
                <span class="method-name">login(9382204358,  , yes)</span>
                <span class="method-start">29984 ms</span>
              </div> <!-- test-method -->
              <div class="configuration-method after">
                <span class="method-name">testCaseReport([TestResult name=login status=SUCCESS method=TC_02_LoginTest.login(java.lang.Object,java.lang.Object...)</span>
                <span class="method-start">31641 ms</span>
              </div> <!-- configuration-method after -->
              <div class="configuration-method before">
                <span class="method-name">StartTestCase(public static void Flipkart_TestCases.TC_02_LoginTest.login(java.lang.Object,java.lang.Object,java.l...)</span>
                <span class="method-start">31642 ms</span>
              </div> <!-- configuration-method before -->
              <div class="test-method">
                <span class="method-name">login( , Rudra2023, yes)</span>
                <span class="method-start">31643 ms</span>
              </div> <!-- test-method -->
              <div class="configuration-method after">
                <span class="method-name">testCaseReport([TestResult name=login status=SUCCESS method=TC_02_LoginTest.login(java.lang.Object,java.lang.Object...)</span>
                <span class="method-start">33077 ms</span>
              </div> <!-- configuration-method after -->
              <div class="configuration-method before">
                <span class="method-name">StartTestCase(public static void Flipkart_TestCases.TC_02_LoginTest.login(java.lang.Object,java.lang.Object,java.l...)</span>
                <span class="method-start">33079 ms</span>
              </div> <!-- configuration-method before -->
              <div class="test-method">
                <span class="method-name">login( ,  , yes)</span>
                <span class="method-start">33081 ms</span>
              </div> <!-- test-method -->
              <div class="configuration-method after">
                <span class="method-name">testCaseReport([TestResult name=login status=SUCCESS method=TC_02_LoginTest.login(java.lang.Object,java.lang.Object...)</span>
                <span class="method-start">35723 ms</span>
              </div> <!-- configuration-method after -->
              <div class="configuration-method before">
                <span class="method-name">StartTestCase(public static void Flipkart_TestCases.TC_02_LoginTest.login(java.lang.Object,java.lang.Object,java.l...)</span>
                <span class="method-start">35724 ms</span>
              </div> <!-- configuration-method before -->
              <div class="test-method">
                <span class="method-name">login(9382204358, Rudra2023, yes)</span>
                <span class="method-start">35725 ms</span>
              </div> <!-- test-method -->
              <div class="configuration-method after">
                <span class="method-name">testCaseReport([TestResult name=login status=SUCCESS method=TC_02_LoginTest.login(java.lang.Object,java.lang.Object...)</span>
                <span class="method-start">37511 ms</span>
              </div> <!-- configuration-method after -->
            </div> <!-- chronological-class -->
            <div class="chronological-class">
              <div class="chronological-class-name">Flipkart_TestCases.TC_03_SearchTest</div> <!-- chronological-class-name -->
              <div class="configuration-method before">
                <span class="method-name">StartTestCase(public static void Flipkart_TestCases.TC_03_SearchTest.Search_Using_click(java.lang.Object,java.lang...)</span>
                <span class="method-start">37567 ms</span>
              </div> <!-- configuration-method before -->
              <div class="test-method">
                <span class="method-name">Search_Using_click(Mobile, yes)</span>
                <span class="method-start">37568 ms</span>
              </div> <!-- test-method -->
              <div class="configuration-method after">
                <span class="method-name">testCaseReport([TestResult name=Search_Using_click status=SUCCESS method=TC_03_SearchTest.Search_Using_click(java.l...)</span>
                <span class="method-start">39609 ms</span>
              </div> <!-- configuration-method after -->
              <div class="configuration-method before">
                <span class="method-name">StartTestCase(public static void Flipkart_TestCases.TC_03_SearchTest.Search_Using_click(java.lang.Object,java.lang...)</span>
                <span class="method-start">39610 ms</span>
              </div> <!-- configuration-method before -->
              <div class="test-method">
                <span class="method-name">Search_Using_click(Laptops, Yes)</span>
                <span class="method-start">39611 ms</span>
              </div> <!-- test-method -->
              <div class="configuration-method after">
                <span class="method-name">testCaseReport([TestResult name=Search_Using_click status=SUCCESS method=TC_03_SearchTest.Search_Using_click(java.l...)</span>
                <span class="method-start">41826 ms</span>
              </div> <!-- configuration-method after -->
              <div class="configuration-method before">
                <span class="method-name">StartTestCase(public static void Flipkart_TestCases.TC_03_SearchTest.Search_Using_Icon(java.lang.Object,java.lang....)</span>
                <span class="method-start">41904 ms</span>
              </div> <!-- configuration-method before -->
              <div class="test-method">
                <span class="method-name">Search_Using_Icon(Woman Tops, Yes)</span>
                <span class="method-start">41905 ms</span>
              </div> <!-- test-method -->
              <div class="configuration-method after">
                <span class="method-name">testCaseReport([TestResult name=Search_Using_Icon status=SUCCESS method=TC_03_SearchTest.Search_Using_Icon(java.lan...)</span>
                <span class="method-start">44457 ms</span>
              </div> <!-- configuration-method after -->
              <div class="configuration-method before">
                <span class="method-name">StartTestCase(public static void Flipkart_TestCases.TC_03_SearchTest.Search_Using_Icon(java.lang.Object,java.lang....)</span>
                <span class="method-start">44458 ms</span>
              </div> <!-- configuration-method before -->
              <div class="test-method">
                <span class="method-name">Search_Using_Icon(Moisturizer, yes)</span>
                <span class="method-start">44459 ms</span>
              </div> <!-- test-method -->
              <div class="configuration-method after">
                <span class="method-name">testCaseReport([TestResult name=Search_Using_Icon status=SUCCESS method=TC_03_SearchTest.Search_Using_Icon(java.lan...)</span>
                <span class="method-start">47286 ms</span>
              </div> <!-- configuration-method after -->
              <div class="configuration-method before">
                <span class="method-name">StartTestCase(public static void Flipkart_TestCases.TC_03_SearchTest.Search_From_DropDown() throws java.lang.Inter...)</span>
                <span class="method-start">47288 ms</span>
              </div> <!-- configuration-method before -->
              <div class="test-method">
                <span class="method-name">Search_From_DropDown</span>
                <span class="method-start">47289 ms</span>
              </div> <!-- test-method -->
              <div class="configuration-method after">
                <span class="method-name">testCaseReport([TestResult name=Search_From_DropDown status=SUCCESS method=TC_03_SearchTest.Search_From_DropDown()[...)</span>
                <span class="method-start">50050 ms</span>
              </div> <!-- configuration-method after -->
              <div class="configuration-method before">
                <span class="method-name">StartTestCase(public static void Flipkart_TestCases.TC_03_SearchTest.Search_According_to_Brand() throws java.lang....)</span>
                <span class="method-start">50051 ms</span>
              </div> <!-- configuration-method before -->
              <div class="test-method">
                <span class="method-name">Search_According_to_Brand</span>
                <span class="method-start">50052 ms</span>
              </div> <!-- test-method -->
              <div class="configuration-method after">
                <span class="method-name">testCaseReport([TestResult name=Search_According_to_Brand status=SUCCESS method=TC_03_SearchTest.Search_According_t...)</span>
                <span class="method-start">52771 ms</span>
              </div> <!-- configuration-method after -->
            </div> <!-- chronological-class -->
            <div class="chronological-class">
              <div class="chronological-class-name">Flipkart_TestCases.TC_04_Become_a_sellerTest</div> <!-- chronological-class-name -->
              <div class="test-method">
                <span class="method-name">Verify_Seller_Person_NameTest</span>
                <span class="method-start">52773 ms</span>
              </div> <!-- test-method -->
              <div class="configuration-method before">
                <span class="method-name">StartTestCase(public static void Flipkart_TestCases.TC_04_Become_a_sellerTest.Verify_Seller_Person_NameTest() thro...)</span>
                <span class="method-start">52773 ms</span>
              </div> <!-- configuration-method before -->
              <div class="configuration-method after">
                <span class="method-name">testCaseReport([TestResult name=Verify_Seller_Person_NameTest status=SUCCESS method=TC_04_Become_a_sellerTest.Verif...)</span>
                <span class="method-start">57947 ms</span>
              </div> <!-- configuration-method after -->
            </div> <!-- chronological-class -->
            <div class="chronological-class">
              <div class="chronological-class-name">Flipkart_TestCases.TC_05_Account_ActivityTest</div> <!-- chronological-class-name -->
              <div class="configuration-method before">
                <span class="method-name">StartTestCase(public static void Flipkart_TestCases.TC_05_Account_ActivityTest.Set_personal_information(java.lang....)</span>
                <span class="method-start">57983 ms</span>
              </div> <!-- configuration-method before -->
              <div class="test-method">
                <img src="failed.png">
                </img>
                <span class="method-name">Set_personal_information(Samapti, Rudra, yes)</span>
                <span class="method-start">57984 ms</span>
              </div> <!-- test-method -->
              <div class="configuration-method after">
                <img src="failed.png">
                </img>
                <span class="method-name">testCaseReport([TestResult name=Set_personal_information status=FAILURE method=TC_05_Account_ActivityTest.Set_perso...)</span>
                <span class="method-start">87934 ms</span>
              </div> <!-- configuration-method after -->
              <div class="configuration-method before">
                <span class="method-name">StartTestCase</span>
                <span class="method-start">88023 ms</span>
              </div> <!-- configuration-method before -->
              <div class="test-method">
                <span class="method-name">Manage_Address(Samapti, 93822204358, 713343, Kulti, Kulti Sripur Road, yes)</span>
                <span class="method-start">88026 ms</span>
              </div> <!-- test-method -->
              <div class="configuration-method after">
                <span class="method-name">testCaseReport</span>
                <span class="method-start">88029 ms</span>
              </div> <!-- configuration-method after -->
              <div class="test-method">
                <span class="method-name">Explore_My_Coupons</span>
                <span class="method-start">88032 ms</span>
              </div> <!-- test-method -->
              <div class="configuration-method before">
                <span class="method-name">StartTestCase</span>
                <span class="method-start">88032 ms</span>
              </div> <!-- configuration-method before -->
              <div class="configuration-method after">
                <span class="method-name">testCaseReport</span>
                <span class="method-start">88033 ms</span>
              </div> <!-- configuration-method after -->
              <div class="configuration-method before">
                <span class="method-name">StartTestCase</span>
                <span class="method-start">88034 ms</span>
              </div> <!-- configuration-method before -->
              <div class="test-method">
                <span class="method-name">Explore_My_Notifications</span>
                <span class="method-start">88035 ms</span>
              </div> <!-- test-method -->
              <div class="configuration-method after">
                <span class="method-name">testCaseReport</span>
                <span class="method-start">88035 ms</span>
              </div> <!-- configuration-method after -->
              <div class="configuration-method before">
                <span class="method-name">StartTestCase</span>
                <span class="method-start">88036 ms</span>
              </div> <!-- configuration-method before -->
              <div class="test-method">
                <span class="method-name">Explore_Gift_Cards</span>
                <span class="method-start">88038 ms</span>
              </div> <!-- test-method -->
              <div class="configuration-method after">
                <span class="method-name">testCaseReport</span>
                <span class="method-start">88039 ms</span>
              </div> <!-- configuration-method after -->
            </div> <!-- chronological-class -->
            <div class="chronological-class">
              <div class="chronological-class-name">Flipkart_TestCases.TC_06_Add_to_CartTest</div> <!-- chronological-class-name -->
              <div class="configuration-method before">
                <span class="method-name">StartTestCase(public static void Flipkart_TestCases.TC_06_Add_to_CartTest.Add_To_Cart_From_WishList() throws java....)</span>
                <span class="method-start">88042 ms</span>
              </div> <!-- configuration-method before -->
              <div class="test-method">
                <img src="failed.png">
                </img>
                <span class="method-name">Add_To_Cart_From_WishList</span>
                <span class="method-start">88044 ms</span>
              </div> <!-- test-method -->
              <div class="configuration-method after">
                <img src="failed.png">
                </img>
                <span class="method-name">testCaseReport([TestResult name=Add_To_Cart_From_WishList status=FAILURE method=TC_06_Add_to_CartTest.Add_To_Cart_F...)</span>
                <span class="method-start">88061 ms</span>
              </div> <!-- configuration-method after -->
              <div class="test-method">
                <span class="method-name">Get_Total_Wishlist_items</span>
                <span class="method-start">88067 ms</span>
              </div> <!-- test-method -->
              <div class="configuration-method before">
                <span class="method-name">StartTestCase</span>
                <span class="method-start">88067 ms</span>
              </div> <!-- configuration-method before -->
              <div class="configuration-method after">
                <span class="method-name">testCaseReport</span>
                <span class="method-start">88068 ms</span>
              </div> <!-- configuration-method after -->
            </div> <!-- chronological-class -->
            <div class="chronological-class">
              <div class="chronological-class-name">Flipkart_TestCases.TC_07_LogoTest</div> <!-- chronological-class-name -->
              <div class="configuration-method before">
                <span class="method-name">StartTestCase(public void Flipkart_TestCases.TC_07_LogoTest.verify_logo_text() throws java.lang.InterruptedExcepti...)</span>
                <span class="method-start">88069 ms</span>
              </div> <!-- configuration-method before -->
              <div class="test-method">
                <img src="failed.png">
                </img>
                <span class="method-name">verify_logo_text</span>
                <span class="method-start">88069 ms</span>
              </div> <!-- test-method -->
              <div class="configuration-method after">
                <img src="failed.png">
                </img>
                <span class="method-name">testCaseReport([TestResult name=verify_logo_text status=FAILURE method=TC_07_LogoTest.verify_logo_text()[pri:13, in...)</span>
                <span class="method-start">88089 ms</span>
              </div> <!-- configuration-method after -->
              <div class="configuration-method before">
                <span class="method-name">StartTestCase</span>
                <span class="method-start">88097 ms</span>
              </div> <!-- configuration-method before -->
              <div class="test-method">
                <span class="method-name">verify_flipkart_plus</span>
                <span class="method-start">88097 ms</span>
              </div> <!-- test-method -->
              <div class="configuration-method after">
                <span class="method-name">testCaseReport</span>
                <span class="method-start">88098 ms</span>
              </div> <!-- configuration-method after -->
            </div> <!-- chronological-class -->
            <div class="chronological-class">
              <div class="chronological-class-name">Flipkart_TestCases.TC_08_LogOutTest</div> <!-- chronological-class-name -->
              <div class="configuration-method before">
                <span class="method-name">StartTestCase(public static void Flipkart_TestCases.TC_08_LogOutTest.Log_Out() throws java.lang.InterruptedExcepti...)</span>
                <span class="method-start">88099 ms</span>
              </div> <!-- configuration-method before -->
              <div class="test-method">
                <img src="failed.png">
                </img>
                <span class="method-name">Log_Out</span>
                <span class="method-start">88100 ms</span>
              </div> <!-- test-method -->
              <div class="configuration-method after">
                <img src="failed.png">
                </img>
                <span class="method-name">testCaseReport([TestResult name=Log_Out status=FAILURE method=TC_08_LogOutTest.Log_Out()[pri:16, instance:Flipkart_...)</span>
                <span class="method-start">88119 ms</span>
              </div> <!-- configuration-method after -->
            </div> <!-- chronological-class -->
            <div class="chronological-class">
              <div class="chronological-class-name">Flipkart_TestCases.TC_01_RegistrationTest</div> <!-- chronological-class-name -->
              <div class="configuration-suite after">
                <span class="method-name">tearDown</span>
                <span class="method-start">88244 ms</span>
              </div> <!-- configuration-suite after -->
          </div> <!-- main-panel-content rounded-window-bottom -->
        </div> <!-- panel -->
      </div> <!-- main-panel-root -->
    </div> <!-- wrapper -->
  </body>
<script type="text/javascript" src="testng-reports2.js"></script>
</html>
